;  LST file generated by mikroListExporter - v.2.0 
; Date/Time: 09/03/2024 21:00:14
;----------------------------------------------

;Address Opcode 	ASM
0x0000	0xF000EF56  	GOTO        172
_interrupt:
;Practica3c.c,6 :: 		void interrupt(){
0x0008	0xF015C000  	MOVFF       R0, 21
;Practica3c.c,8 :: 		if(INTCON.INT0IF == 1 && INTCON.INT0IE == 1){
0x000C	0xA2F2      	BTFSS       INTCON, 1 
0x000E	0xD01E      	BRA         L_interrupt2
0x0010	0xA8F2      	BTFSS       INTCON, 4 
0x0012	0xD01C      	BRA         L_interrupt2
L__interrupt23:
;Practica3c.c,9 :: 		unidades++;
0x0014	0x4A20      	INFSNZ      _unidades, 1 
0x0016	0x2A21      	INCF        _unidades+1, 1 
;Practica3c.c,10 :: 		if(unidades == 10 && decenas == 9){
0x0018	0x0E00      	MOVLW       0
0x001A	0x1821      	XORWF       _unidades+1, 0 
0x001C	0xE102      	BNZ         L__interrupt26
0x001E	0x0E0A      	MOVLW       10
0x0020	0x1820      	XORWF       _unidades, 0 
L__interrupt26:
0x0022	0xE10A      	BNZ         L_interrupt5
0x0024	0x0E00      	MOVLW       0
0x0026	0x1823      	XORWF       _decenas+1, 0 
0x0028	0xE102      	BNZ         L__interrupt27
0x002A	0x0E09      	MOVLW       9
0x002C	0x1822      	XORWF       _decenas, 0 
L__interrupt27:
0x002E	0xE104      	BNZ         L_interrupt5
L__interrupt22:
;Practica3c.c,11 :: 		unidades = 0;
0x0030	0x6A20      	CLRF        _unidades 
0x0032	0x6A21      	CLRF        _unidades+1 
;Practica3c.c,12 :: 		decenas = 0;
0x0034	0x6A22      	CLRF        _decenas 
0x0036	0x6A23      	CLRF        _decenas+1 
;Practica3c.c,14 :: 		}
L_interrupt5:
;Practica3c.c,15 :: 		if(unidades == 10){
0x0038	0x0E00      	MOVLW       0
0x003A	0x1821      	XORWF       _unidades+1, 0 
0x003C	0xE102      	BNZ         L__interrupt28
0x003E	0x0E0A      	MOVLW       10
0x0040	0x1820      	XORWF       _unidades, 0 
L__interrupt28:
0x0042	0xE104      	BNZ         L_interrupt6
;Practica3c.c,16 :: 		decenas ++;
0x0044	0x4A22      	INFSNZ      _decenas, 1 
0x0046	0x2A23      	INCF        _decenas+1, 1 
;Practica3c.c,17 :: 		unidades = 0;
0x0048	0x6A20      	CLRF        _unidades 
0x004A	0x6A21      	CLRF        _unidades+1 
;Practica3c.c,19 :: 		}
L_interrupt6:
;Practica3c.c,21 :: 		}
L_interrupt2:
;Practica3c.c,23 :: 		if(INTCON3.INT1IF == 1 && INTCON3.INT1IE == 1 && (unidades != 0 || decenas != 0)){
0x004C	0xA0F0      	BTFSS       INTCON3, 0 
0x004E	0xD021      	BRA         L_interrupt11
0x0050	0xA6F0      	BTFSS       INTCON3, 3 
0x0052	0xD01F      	BRA         L_interrupt11
0x0054	0x0E00      	MOVLW       0
0x0056	0x1821      	XORWF       _unidades+1, 0 
0x0058	0xE102      	BNZ         L__interrupt29
0x005A	0x0E00      	MOVLW       0
0x005C	0x1820      	XORWF       _unidades, 0 
L__interrupt29:
0x005E	0xE107      	BNZ         L__interrupt21
0x0060	0x0E00      	MOVLW       0
0x0062	0x1823      	XORWF       _decenas+1, 0 
0x0064	0xE102      	BNZ         L__interrupt30
0x0066	0x0E00      	MOVLW       0
0x0068	0x1822      	XORWF       _decenas, 0 
L__interrupt30:
0x006A	0xE101      	BNZ         L__interrupt21
0x006C	0xD012      	BRA         L_interrupt11
L__interrupt21:
L__interrupt20:
;Practica3c.c,24 :: 		if(unidades == 0){
0x006E	0x0E00      	MOVLW       0
0x0070	0x1821      	XORWF       _unidades+1, 0 
0x0072	0xE102      	BNZ         L__interrupt31
0x0074	0x0E00      	MOVLW       0
0x0076	0x1820      	XORWF       _unidades, 0 
L__interrupt31:
0x0078	0xE108      	BNZ         L_interrupt12
;Practica3c.c,25 :: 		unidades = 10;
0x007A	0x0E0A      	MOVLW       10
0x007C	0x6E20      	MOVWF       _unidades 
0x007E	0x0E00      	MOVLW       0
0x0080	0x6E21      	MOVWF       _unidades+1 
;Practica3c.c,26 :: 		decenas --;
0x0082	0x0E01      	MOVLW       1
0x0084	0x5E22      	SUBWF       _decenas, 1 
0x0086	0x0E00      	MOVLW       0
0x0088	0x5A23      	SUBWFB      _decenas+1, 1 
;Practica3c.c,28 :: 		}
L_interrupt12:
;Practica3c.c,29 :: 		unidades --;
0x008A	0x0E01      	MOVLW       1
0x008C	0x5E20      	SUBWF       _unidades, 1 
0x008E	0x0E00      	MOVLW       0
0x0090	0x5A21      	SUBWFB      _unidades+1, 1 
;Practica3c.c,31 :: 		}
L_interrupt11:
;Practica3c.c,32 :: 		INTCON3.INT1IF = 0;
0x0092	0x90F0      	BCF         INTCON3, 0 
;Practica3c.c,33 :: 		INTCON.INT0IF = 0;
0x0094	0x92F2      	BCF         INTCON, 1 
;Practica3c.c,35 :: 		}
L_end_interrupt:
L__interrupt25:
0x0096	0xF000C015  	MOVFF       21, R0
0x009A	0x0011      	RETFIE      1
; end of _interrupt
___CC2DW:
;__Lib_System.c,21 :: 		
;__Lib_System.c,23 :: 		
_CC2DL_Loop1:
;__Lib_System.c,24 :: 		
0x009C	0x0009      	TBLRD*+
;__Lib_System.c,25 :: 		
0x009E	0xFFE6CFF5  	MOVFF       TABLAT, POSTINC1
;__Lib_System.c,26 :: 		
0x00A2	0x0600      	DECF        R0, 1, 0
;__Lib_System.c,27 :: 		
0x00A4	0xE1FB      	BNZ         _CC2DL_Loop1
;__Lib_System.c,28 :: 		
0x00A6	0x0601      	DECF        R1, 1, 0
;__Lib_System.c,29 :: 		
0x00A8	0xE1F9      	BNZ         _CC2DL_Loop1
;__Lib_System.c,31 :: 		
L_end___CC2DW:
0x00AA	0x0012      	RETURN      0
; end of ___CC2DW
_main:
0x00AC	0x0E3F      	MOVLW       63
0x00AE	0x6E16      	MOVWF       _numbers 
0x00B0	0x0E06      	MOVLW       6
0x00B2	0x6E17      	MOVWF       23 
0x00B4	0x0E5B      	MOVLW       91
0x00B6	0x6E18      	MOVWF       24 
0x00B8	0x0E4F      	MOVLW       79
0x00BA	0x6E19      	MOVWF       25 
0x00BC	0x0E66      	MOVLW       102
0x00BE	0x6E1A      	MOVWF       26 
0x00C0	0x0E6D      	MOVLW       109
0x00C2	0x6E1B      	MOVWF       27 
0x00C4	0x0E7D      	MOVLW       125
0x00C6	0x6E1C      	MOVWF       28 
0x00C8	0x0E07      	MOVLW       7
0x00CA	0x6E1D      	MOVWF       29 
0x00CC	0x0E7F      	MOVLW       127
0x00CE	0x6E1E      	MOVWF       30 
0x00D0	0x0E6F      	MOVLW       111
0x00D2	0x6E1F      	MOVWF       31 
0x00D4	0x6A20      	CLRF        _unidades 
0x00D6	0x6A21      	CLRF        33 
0x00D8	0x6A22      	CLRF        _decenas 
0x00DA	0x6A23      	CLRF        35 
;Practica3c.c,37 :: 		void main() {
;Practica3c.c,39 :: 		ADCON1 = 0x07;
0x00DC	0x0E07      	MOVLW       7
0x00DE	0x6EC1      	MOVWF       ADCON1 
;Practica3c.c,41 :: 		TRISD = 0;
0x00E0	0x6A95      	CLRF        TRISD 
;Practica3c.c,42 :: 		PORTD = 0;
0x00E2	0x6A83      	CLRF        PORTD 
;Practica3c.c,44 :: 		TRISE = 0;
0x00E4	0x6A96      	CLRF        TRISE 
;Practica3c.c,45 :: 		PORTE = 0;
0x00E6	0x6A84      	CLRF        PORTE 
;Practica3c.c,47 :: 		TRISB = 1;
0x00E8	0x0E01      	MOVLW       1
0x00EA	0x6E93      	MOVWF       TRISB 
;Practica3c.c,48 :: 		PORTB = 0;
0x00EC	0x6A81      	CLRF        PORTB 
;Practica3c.c,50 :: 		INTCON2.INTEDG0 = 1;
0x00EE	0x8CF1      	BSF         INTCON2, 6 
;Practica3c.c,51 :: 		INTCON2.INTEDG1 = 1;
0x00F0	0x8AF1      	BSF         INTCON2, 5 
;Practica3c.c,53 :: 		INTCON.INT0IF = 0;
0x00F2	0x92F2      	BCF         INTCON, 1 
;Practica3c.c,54 :: 		INTCON.INT0IE = 1;
0x00F4	0x88F2      	BSF         INTCON, 4 
;Practica3c.c,56 :: 		INTCON3.INT1IF = 0;
0x00F6	0x90F0      	BCF         INTCON3, 0 
;Practica3c.c,57 :: 		INTCON3.INT1IE = 1;
0x00F8	0x86F0      	BSF         INTCON3, 3 
;Practica3c.c,59 :: 		INTCON.GIE = 1;
0x00FA	0x8EF2      	BSF         INTCON, 7 
;Practica3c.c,61 :: 		while(1){
L_main13:
;Practica3c.c,62 :: 		for(i = 0; i < 25; i++){
0x00FC	0x6A24      	CLRF        _i 
0x00FE	0x6A25      	CLRF        _i+1 
L_main15:
0x0100	0x0E80      	MOVLW       128
0x0102	0x1825      	XORWF       _i+1, 0 
0x0104	0x6E00      	MOVWF       R0 
0x0106	0x0E80      	MOVLW       128
0x0108	0x5C00      	SUBWF       R0, 0 
0x010A	0xE102      	BNZ         L__main33
0x010C	0x0E19      	MOVLW       25
0x010E	0x5C24      	SUBWF       _i, 0 
L__main33:
0x0110	0xE22B      	BC          L_main16
;Practica3c.c,63 :: 		PORTD = numbers[unidades];
0x0112	0x0E16      	MOVLW       _numbers
0x0114	0x2420      	ADDWF       _unidades, 0 
0x0116	0x6EE9      	MOVWF       FSR0L 
0x0118	0x0E00      	MOVLW       hi_addr(_numbers)
0x011A	0x2021      	ADDWFC      _unidades+1, 0 
0x011C	0x6EEA      	MOVWF       FSR0L+1 
0x011E	0xFF83CFEE  	MOVFF       POSTINC0, PORTD
;Practica3c.c,64 :: 		PORTE.B1 = 0;
0x0122	0x9284      	BCF         PORTE, 1 
;Practica3c.c,66 :: 		delay_ms(20);
0x0124	0x0E34      	MOVLW       52
0x0126	0x6E0C      	MOVWF       R12, 0
0x0128	0x0EF1      	MOVLW       241
0x012A	0x6E0D      	MOVWF       R13, 0
L_main18:
0x012C	0x2E0D      	DECFSZ      R13, 1, 0
0x012E	0xD7FE      	BRA         L_main18
0x0130	0x2E0C      	DECFSZ      R12, 1, 0
0x0132	0xD7FC      	BRA         L_main18
0x0134	0x0000      	NOP
0x0136	0x0000      	NOP
;Practica3c.c,68 :: 		PORTE.B1 = 1;
0x0138	0x8284      	BSF         PORTE, 1 
;Practica3c.c,70 :: 		PORTD = numbers[decenas];
0x013A	0x0E16      	MOVLW       _numbers
0x013C	0x2422      	ADDWF       _decenas, 0 
0x013E	0x6EE9      	MOVWF       FSR0L 
0x0140	0x0E00      	MOVLW       hi_addr(_numbers)
0x0142	0x2023      	ADDWFC      _decenas+1, 0 
0x0144	0x6EEA      	MOVWF       FSR0L+1 
0x0146	0xFF83CFEE  	MOVFF       POSTINC0, PORTD
;Practica3c.c,71 :: 		PORTE.B0 = 0;
0x014A	0x9084      	BCF         PORTE, 0 
;Practica3c.c,73 :: 		delay_ms(20);
0x014C	0x0E34      	MOVLW       52
0x014E	0x6E0C      	MOVWF       R12, 0
0x0150	0x0EF1      	MOVLW       241
0x0152	0x6E0D      	MOVWF       R13, 0
L_main19:
0x0154	0x2E0D      	DECFSZ      R13, 1, 0
0x0156	0xD7FE      	BRA         L_main19
0x0158	0x2E0C      	DECFSZ      R12, 1, 0
0x015A	0xD7FC      	BRA         L_main19
0x015C	0x0000      	NOP
0x015E	0x0000      	NOP
;Practica3c.c,75 :: 		PORTE.B0 = 1;
0x0160	0x8084      	BSF         PORTE, 0 
;Practica3c.c,62 :: 		for(i = 0; i < 25; i++){
0x0162	0x4A24      	INFSNZ      _i, 1 
0x0164	0x2A25      	INCF        _i+1, 1 
;Practica3c.c,77 :: 		}
0x0166	0xD7CC      	BRA         L_main15
L_main16:
;Practica3c.c,79 :: 		}
0x0168	0xD7C9      	BRA         L_main13
;Practica3c.c,80 :: 		}
L_end_main:
0x016A	0xD7FF      	BRA         $+0
; end of _main
Symbol List:
//** Routines locations **
//ADDRESS    SIZE    PROCEDURE
//----------------------------------------------
0x0008     [148]    _interrupt
0x009C      [16]    ___CC2DW
0x00AC     [192]    _main
//** Variables locations ** 
//ADDRESS    SIZE    VARIABLE
//----------------------------------------------
0x0000       [1]    R0
0x0001       [1]    R1
0x0002       [1]    R2
0x0003       [1]    R3
0x0004       [1]    R4
0x0005       [1]    R5
0x0006       [1]    R6
0x0007       [1]    R7
0x0008       [1]    R8
0x0009       [1]    R9
0x000A       [1]    R10
0x000B       [1]    R11
0x000C       [1]    R12
0x000D       [1]    R13
0x000E       [1]    R14
0x000F       [1]    R15
0x0010       [1]    R16
0x0011       [1]    R17
0x0012       [1]    R18
0x0013       [1]    R19
0x0014       [1]    R20
0x0016      [10]    _numbers
0x0020       [2]    _unidades
0x0022       [2]    _decenas
0x0024       [2]    _i
0x0F81       [1]    PORTB
0x0F83       [1]    PORTD
0x0F84       [1]    PORTE
0x0F93       [1]    TRISB
0x0F95       [1]    TRISD
0x0F96       [1]    TRISE
0x0FC1       [1]    ADCON1
0x0FD8       [1]    STATUS
0x0FD9       [1]    FSR2L
0x0FDA       [1]    FSR2H
0x0FDE       [1]    POSTINC2
0x0FE0       [1]    BSR
0x0FE1       [1]    FSR1L
0x0FE2       [1]    FSR1H
0x0FE4       [1]    PREINC1
0x0FE6       [1]    POSTINC1
0x0FE7       [1]    INDF1
0x0FE8       [1]    WREG
0x0FE9       [1]    FSR0L
0x0FEA       [1]    FSR0H
0x0FEE       [1]    POSTINC0
0x0FF0       [1]    INTCON3
0x0FF1       [1]    INTCON2
0x0FF2       [1]    INTCON
0x0FF3       [1]    PRODL
0x0FF4       [1]    PRODH
0x0FF5       [1]    TABLAT
0x0FF6       [1]    TBLPTRL
0x0FF7       [1]    TBLPTRH
0x0FF8       [1]    TBLPTRU
