;  LST file generated by mikroListExporter - v.2.0 
; Date/Time: 28/02/2024 19:37:38
;----------------------------------------------

;Address Opcode 	ASM
0x0000	0xF000EF16  	GOTO        44
0x0004	0x0000      	NOP
0x0006	0x0000      	NOP
0x0008	0xF000EF00  	GOTO        0
0x000C	0x0000      	NOP
0x000E	0x0000      	NOP
0x0010	0x0000      	NOP
0x0012	0x0000      	NOP
0x0014	0x0000      	NOP
0x0016	0x0000      	NOP
0x0018	0xD7F3      	BRA         0
___CC2DW:
;__Lib_System.c,21 :: 		
;__Lib_System.c,23 :: 		
_CC2DL_Loop1:
;__Lib_System.c,24 :: 		
0x001C	0x0009      	TBLRD*+
;__Lib_System.c,25 :: 		
0x001E	0xFFE6CFF5  	MOVFF       TABLAT, POSTINC1
;__Lib_System.c,26 :: 		
0x0022	0x0600      	DECF        R0, 1, 0
;__Lib_System.c,27 :: 		
0x0024	0xE1FB      	BNZ         _CC2DL_Loop1
;__Lib_System.c,28 :: 		
0x0026	0x0601      	DECF        R1, 1, 0
;__Lib_System.c,29 :: 		
0x0028	0xE1F9      	BNZ         _CC2DL_Loop1
;__Lib_System.c,31 :: 		
L_end___CC2DW:
0x002A	0x0012      	RETURN      0
; end of ___CC2DW
_main:
0x002C	0x0E01      	MOVLW       1
0x002E	0x6E15      	MOVWF       _values 
0x0030	0x0E03      	MOVLW       3
0x0032	0x6E16      	MOVWF       22 
0x0034	0x0E07      	MOVLW       7
0x0036	0x6E17      	MOVWF       23 
0x0038	0x0E0F      	MOVLW       15
0x003A	0x6E18      	MOVWF       24 
0x003C	0x0E1F      	MOVLW       31
0x003E	0x6E19      	MOVWF       25 
0x0040	0x0E3F      	MOVLW       63
0x0042	0x6E1A      	MOVWF       26 
0x0044	0x0E7F      	MOVLW       127
0x0046	0x6E1B      	MOVWF       27 
0x0048	0x0EFF      	MOVLW       255
0x004A	0x6E1C      	MOVWF       28 
;Practica1c.c,4 :: 		void main() {
;Practica1c.c,6 :: 		ADCON1 = 0x07;
0x004C	0x0E07      	MOVLW       7
0x004E	0x6EC1      	MOVWF       ADCON1 
;Practica1c.c,8 :: 		TRISC = 0;
0x0050	0x6A94      	CLRF        TRISC 
;Practica1c.c,9 :: 		PORTC = 0;
0x0052	0x6A82      	CLRF        PORTC 
;Practica1c.c,11 :: 		TRISB = 1;
0x0054	0x0E01      	MOVLW       1
0x0056	0x6E93      	MOVWF       TRISB 
;Practica1c.c,12 :: 		PORTB.B5 = 1;
0x0058	0x8A81      	BSF         PORTB, 5 
;Practica1c.c,15 :: 		while(1){
L_main0:
;Practica1c.c,16 :: 		if(i == 0) i = 8;
0x005A	0x0E00      	MOVLW       0
0x005C	0x181E      	XORWF       _i+1, 0 
0x005E	0xE102      	BNZ         L__main6
0x0060	0x0E00      	MOVLW       0
0x0062	0x181D      	XORWF       _i, 0 
L__main6:
0x0064	0xE104      	BNZ         L_main2
0x0066	0x0E08      	MOVLW       8
0x0068	0x6E1D      	MOVWF       _i 
0x006A	0x0E00      	MOVLW       0
0x006C	0x6E1E      	MOVWF       _i+1 
L_main2:
;Practica1c.c,17 :: 		if(PORTB.B5 == 0){
0x006E	0xBA81      	BTFSC       PORTB, 5 
0x0070	0xD00C      	BRA         L_main3
;Practica1c.c,18 :: 		i = i - 1;
0x0072	0x0E01      	MOVLW       1
0x0074	0x5E1D      	SUBWF       _i, 1 
0x0076	0x0E00      	MOVLW       0
0x0078	0x5A1E      	SUBWFB      _i+1, 1 
;Practica1c.c,19 :: 		PORTC = values[i];
0x007A	0x0E15      	MOVLW       _values
0x007C	0x241D      	ADDWF       _i, 0 
0x007E	0x6EE9      	MOVWF       FSR0L 
0x0080	0x0E00      	MOVLW       hi_addr(_values)
0x0082	0x201E      	ADDWFC      _i+1, 0 
0x0084	0x6EEA      	MOVWF       FSR0L+1 
0x0086	0xFF82CFEE  	MOVFF       POSTINC0, PORTC
;Practica1c.c,23 :: 		}
L_main3:
;Practica1c.c,24 :: 		delay_ms(100);
0x008A	0x0E02      	MOVLW       2
0x008C	0x6E0B      	MOVWF       R11, 0
0x008E	0x0E04      	MOVLW       4
0x0090	0x6E0C      	MOVWF       R12, 0
0x0092	0x0EBA      	MOVLW       186
0x0094	0x6E0D      	MOVWF       R13, 0
L_main4:
0x0096	0x2E0D      	DECFSZ      R13, 1, 0
0x0098	0xD7FE      	BRA         L_main4
0x009A	0x2E0C      	DECFSZ      R12, 1, 0
0x009C	0xD7FC      	BRA         L_main4
0x009E	0x2E0B      	DECFSZ      R11, 1, 0
0x00A0	0xD7FA      	BRA         L_main4
0x00A2	0x0000      	NOP
;Practica1c.c,26 :: 		}
0x00A4	0xD7DA      	BRA         L_main0
;Practica1c.c,27 :: 		}
L_end_main:
0x00A6	0xD7FF      	BRA         $+0
; end of _main
Symbol List:
//** Routines locations **
//ADDRESS    SIZE    PROCEDURE
//----------------------------------------------
0x001C      [16]    ___CC2DW
0x002C     [124]    _main
//** Variables locations ** 
//ADDRESS    SIZE    VARIABLE
//----------------------------------------------
0x0000       [1]    R0
0x0001       [1]    R1
0x0002       [1]    R2
0x0003       [1]    R3
0x0004       [1]    R4
0x0005       [1]    R5
0x0006       [1]    R6
0x0007       [1]    R7
0x0008       [1]    R8
0x0009       [1]    R9
0x000A       [1]    R10
0x000B       [1]    R11
0x000C       [1]    R12
0x000D       [1]    R13
0x000E       [1]    R14
0x000F       [1]    R15
0x0010       [1]    R16
0x0011       [1]    R17
0x0012       [1]    R18
0x0013       [1]    R19
0x0014       [1]    R20
0x0015       [8]    _values
0x001D       [2]    _i
0x0F81       [1]    PORTB
0x0F82       [1]    PORTC
0x0F93       [1]    TRISB
0x0F94       [1]    TRISC
0x0FC1       [1]    ADCON1
0x0FD8       [1]    STATUS
0x0FD9       [1]    FSR2L
0x0FDA       [1]    FSR2H
0x0FDE       [1]    POSTINC2
0x0FE0       [1]    BSR
0x0FE1       [1]    FSR1L
0x0FE2       [1]    FSR1H
0x0FE4       [1]    PREINC1
0x0FE6       [1]    POSTINC1
0x0FE7       [1]    INDF1
0x0FE8       [1]    WREG
0x0FE9       [1]    FSR0L
0x0FEA       [1]    FSR0H
0x0FEE       [1]    POSTINC0
0x0FF3       [1]    PRODL
0x0FF4       [1]    PRODH
0x0FF5       [1]    TABLAT
0x0FF6       [1]    TBLPTRL
0x0FF7       [1]    TBLPTRH
0x0FF8       [1]    TBLPTRU
