;  LST file generated by mikroListExporter - v.2.0 
; Date/Time: 25/04/2024 17:52:30
;----------------------------------------------

;Address Opcode 	ASM
0x0000	0xF001EF98  	GOTO        816
0x0004	0x0000      	NOP
0x0006	0x0000      	NOP
0x0008	0xF000EF00  	GOTO        0
0x000C	0x0000      	NOP
0x000E	0x0000      	NOP
0x0010	0x0000      	NOP
0x0012	0x0000      	NOP
0x0014	0x0000      	NOP
0x0016	0x0000      	NOP
0x0018	0xD7F3      	BRA         0
_Div_16x16_S_L:
;__Lib_Math.c,139 :: 		
;__Lib_Math.c,146 :: 		
0x001C	0x3401      	RLCF        R1, 0, 0
;__Lib_Math.c,147 :: 		
0x001E	0x3608      	RLCF        R8, 1, 0
;__Lib_Math.c,148 :: 		
0x0020	0x3609      	RLCF        R9, 1, 0
;__Lib_Math.c,149 :: 		
0x0022	0x5004      	MOVF        R4, 0, 0
;__Lib_Math.c,150 :: 		
0x0024	0x5E08      	SUBWF       R8, 1, 0
;__Lib_Math.c,151 :: 		
0x0026	0x5005      	MOVF        R5, 0, 0
;__Lib_Math.c,152 :: 		
0x0028	0xA0D8      	BTFSS       STATUS, 0, 0
;__Lib_Math.c,153 :: 		
0x002A	0x3C05      	INCFSZ      R5, 0, 0
;__Lib_Math.c,154 :: 		
0x002C	0x5E09      	SUBWF       R9, 1, 0
;__Lib_Math.c,155 :: 		
0x002E	0x3600      	RLCF        R0, 1, 0
;__Lib_Math.c,156 :: 		
0x0030	0x3601      	RLCF        R1, 1, 0
;__Lib_Math.c,158 :: 		
0x0032	0x0E0F      	MOVLW       15
;__Lib_Math.c,159 :: 		
0x0034	0x6E0C      	MOVWF       R12, 0
;__Lib_Math.c,161 :: 		
0x0036	0x3401      	RLCF        R1, 0, 0
;__Lib_Math.c,162 :: 		
0x0038	0x3608      	RLCF        R8, 1, 0
;__Lib_Math.c,163 :: 		
0x003A	0x3609      	RLCF        R9, 1, 0
;__Lib_Math.c,164 :: 		
0x003C	0x5004      	MOVF        R4, 0, 0
;__Lib_Math.c,166 :: 		
0x003E	0xA000      	BTFSS       R0, 0, 0
;__Lib_Math.c,167 :: 		
0x0040	0xD006      	BRA         $+14
;__Lib_Math.c,168 :: 		
0x0042	0x5E08      	SUBWF       R8, 1, 0
;__Lib_Math.c,169 :: 		
0x0044	0x5005      	MOVF        R5, 0, 0
;__Lib_Math.c,170 :: 		
0x0046	0xA0D8      	BTFSS       STATUS, 0, 0
;__Lib_Math.c,171 :: 		
0x0048	0x3C05      	INCFSZ      R5, 0, 0
;__Lib_Math.c,172 :: 		
0x004A	0x5E09      	SUBWF       R9, 1, 0
;__Lib_Math.c,173 :: 		
0x004C	0xD005      	BRA         $+12
;__Lib_Math.c,175 :: 		
0x004E	0x2608      	ADDWF       R8, 1, 0
;__Lib_Math.c,176 :: 		
0x0050	0x5005      	MOVF        R5, 0, 0
;__Lib_Math.c,177 :: 		
0x0052	0xB0D8      	BTFSC       STATUS, 0, 0
;__Lib_Math.c,178 :: 		
0x0054	0x3C05      	INCFSZ      R5, 0, 0
;__Lib_Math.c,179 :: 		
0x0056	0x2609      	ADDWF       R9, 1, 0
;__Lib_Math.c,181 :: 		
0x0058	0x3600      	RLCF        R0, 1, 0
;__Lib_Math.c,182 :: 		
0x005A	0x3601      	RLCF        R1, 1, 0
;__Lib_Math.c,184 :: 		
0x005C	0x2E0C      	DECFSZ      R12, 1, 0
;__Lib_Math.c,185 :: 		
0x005E	0xD7EB      	BRA         $-40
;__Lib_Math.c,187 :: 		
0x0060	0xB000      	BTFSC       R0, 0, 0
;__Lib_Math.c,188 :: 		
0x0062	0xD006      	BRA         $+14
;__Lib_Math.c,189 :: 		
0x0064	0x5004      	MOVF        R4, 0, 0
;__Lib_Math.c,190 :: 		
0x0066	0x2608      	ADDWF       R8, 1, 0
;__Lib_Math.c,191 :: 		
0x0068	0x5005      	MOVF        R5, 0, 0
;__Lib_Math.c,192 :: 		
0x006A	0xB0D8      	BTFSC       STATUS, 0, 0
;__Lib_Math.c,193 :: 		
0x006C	0x3C05      	INCFSZ      R5, 0, 0
;__Lib_Math.c,194 :: 		
0x006E	0x2609      	ADDWF       R9, 1, 0
;__Lib_Math.c,195 :: 		
0x0070	0x0000      	NOP
;__Lib_Math.c,197 :: 		
L_end_Div_16x16_S_L:
0x0072	0x0012      	RETURN      0
; end of _Div_16x16_S_L
_Div_16x16_S:
;__Lib_Math.c,200 :: 		
;__Lib_Math.c,208 :: 		
0x0074	0x5004      	MOVF        R4, 0 
0x0076	0x0A00      	XORLW       0
0x0078	0xE108      	BNZ         L_Div_16x16_S0
;__Lib_Math.c,209 :: 		
0x007A	0x5005      	MOVF        R5, 0 
0x007C	0x0A00      	XORLW       0
0x007E	0xE105      	BNZ         L_Div_16x16_S1
;__Lib_Math.c,210 :: 		
0x0080	0x0EFF      	MOVLW       255
0x0082	0x6E00      	MOVWF       R0 
;__Lib_Math.c,211 :: 		
0x0084	0x0E7F      	MOVLW       127
0x0086	0x6E01      	MOVWF       R1 
;__Lib_Math.c,212 :: 		
0x0088	0xD057      	BRA         L_end_Div_16x16_S
;__Lib_Math.c,213 :: 		
L_Div_16x16_S1:
L_Div_16x16_S0:
;__Lib_Math.c,216 :: 		
0x008A	0x6A0D      	CLRF        R13, 0
;__Lib_Math.c,217 :: 		
0x008C	0x6A09      	CLRF        R9, 0
;__Lib_Math.c,218 :: 		
0x008E	0x6A08      	CLRF        R8, 0
;__Lib_Math.c,219 :: 		
0x0090	0x5001      	MOVF        R1, 0, 0
;__Lib_Math.c,220 :: 		
0x0092	0x1000      	IORWF       R0, 0, 0
;__Lib_Math.c,221 :: 		
0x0094	0xB4D8      	BTFSC       STATUS, 2, 0
;__Lib_Math.c,222 :: 		
0x0096	0x0C00      	RETLW       0
;__Lib_Math.c,224 :: 		
0x0098	0x5001      	MOVF        R1, 0, 0
;__Lib_Math.c,225 :: 		
0x009A	0x1805      	XORWF       R5, 0, 0
;__Lib_Math.c,226 :: 		
0x009C	0x6E0A      	MOVWF       R10, 0
;__Lib_Math.c,227 :: 		
0x009E	0xBE0A      	BTFSC       R10, 7, 0
;__Lib_Math.c,228 :: 		
0x00A0	0x1E0D      	COMF        R13, 1, 0
;__Lib_Math.c,230 :: 		
0x00A2	0x6A0B      	CLRF        R11, 0
;__Lib_Math.c,232 :: 		
0x00A4	0xAE05      	BTFSS       R5, 7, 0
;__Lib_Math.c,233 :: 		
0x00A6	0xD005      	BRA         $+12
;__Lib_Math.c,235 :: 		
0x00A8	0x1E04      	COMF        R4, 1, 0
;__Lib_Math.c,236 :: 		
0x00AA	0x1E05      	COMF        R5, 1, 0
;__Lib_Math.c,237 :: 		
0x00AC	0x2A04      	INCF        R4, 1, 0
;__Lib_Math.c,238 :: 		
0x00AE	0xB4D8      	BTFSC       STATUS, 2, 0
;__Lib_Math.c,239 :: 		
0x00B0	0x2A05      	INCF        R5, 1, 0
;__Lib_Math.c,241 :: 		
0x00B2	0xAE01      	BTFSS       R1, 7, 0
;__Lib_Math.c,242 :: 		
0x00B4	0xD005      	BRA         $+12
;__Lib_Math.c,244 :: 		
0x00B6	0x1E00      	COMF        R0, 1, 0
;__Lib_Math.c,245 :: 		
0x00B8	0x1E01      	COMF        R1, 1, 0
;__Lib_Math.c,246 :: 		
0x00BA	0x2A00      	INCF        R0, 1, 0
;__Lib_Math.c,247 :: 		
0x00BC	0xB4D8      	BTFSC       STATUS, 2, 0
;__Lib_Math.c,248 :: 		
0x00BE	0x2A01      	INCF        R1, 1, 0
;__Lib_Math.c,250 :: 		
0x00C0	0x5001      	MOVF        R1, 0, 0
;__Lib_Math.c,251 :: 		
0x00C2	0x1005      	IORWF       R5, 0, 0
;__Lib_Math.c,252 :: 		
0x00C4	0x6E0A      	MOVWF       R10, 0
;__Lib_Math.c,253 :: 		
0x00C6	0xBE0A      	BTFSC       R10, 7, 0
;__Lib_Math.c,254 :: 		
0x00C8	0xD010      	BRA         $+34
;__Lib_Math.c,256 :: 		
0x00CA	0xDFA8      	RCALL       _Div_16x16_S_L
;__Lib_Math.c,258 :: 		
0x00CC	0xB00B      	BTFSC       R11, 0, 0
;__Lib_Math.c,259 :: 		
0x00CE	0xD020      	BRA         $+66
;__Lib_Math.c,261 :: 		
0x00D0	0xAE0D      	BTFSS       R13, 7, 0
;__Lib_Math.c,262 :: 		
0x00D2	0x0C00      	RETLW       0
;__Lib_Math.c,264 :: 		
0x00D4	0x1E00      	COMF        R0, 1, 0
;__Lib_Math.c,265 :: 		
0x00D6	0x1E01      	COMF        R1, 1, 0
;__Lib_Math.c,266 :: 		
0x00D8	0x2A00      	INCF        R0, 1, 0
;__Lib_Math.c,267 :: 		
0x00DA	0xB4D8      	BTFSC       STATUS, 2, 0
;__Lib_Math.c,268 :: 		
0x00DC	0x2A01      	INCF        R1, 1, 0
;__Lib_Math.c,270 :: 		
0x00DE	0x1E08      	COMF        R8, 1, 0
;__Lib_Math.c,271 :: 		
0x00E0	0x1E09      	COMF        R9, 1, 0
;__Lib_Math.c,272 :: 		
0x00E2	0x2A08      	INCF        R8, 1, 0
;__Lib_Math.c,273 :: 		
0x00E4	0xB4D8      	BTFSC       STATUS, 2, 0
;__Lib_Math.c,274 :: 		
0x00E6	0x2A09      	INCF        R9, 1, 0
;__Lib_Math.c,276 :: 		
0x00E8	0x0C00      	RETLW       0
;__Lib_Math.c,278 :: 		
0x00EA	0xAE05      	BTFSS       R5, 7, 0
;__Lib_Math.c,279 :: 		
0x00EC	0xD00D      	BRA         $+28
;__Lib_Math.c,280 :: 		
0x00EE	0xBE01      	BTFSC       R1, 7, 0
;__Lib_Math.c,281 :: 		
0x00F0	0xD007      	BRA         $+16
;__Lib_Math.c,282 :: 		
0x00F2	0x5001      	MOVF        R1, 0, 0
;__Lib_Math.c,283 :: 		
0x00F4	0x6E09      	MOVWF       R9, 0
;__Lib_Math.c,284 :: 		
0x00F6	0x5000      	MOVF        R0, 0, 0
;__Lib_Math.c,285 :: 		
0x00F8	0x6E08      	MOVWF       R8, 0
;__Lib_Math.c,286 :: 		
0x00FA	0x6A01      	CLRF        R1, 0
;__Lib_Math.c,287 :: 		
0x00FC	0x6A00      	CLRF        R0, 0
;__Lib_Math.c,288 :: 		
0x00FE	0xD7E8      	BRA         $-46
;__Lib_Math.c,289 :: 		
0x0100	0x6A01      	CLRF        R1, 0
;__Lib_Math.c,290 :: 		
0x0102	0x6A00      	CLRF        R0, 0
;__Lib_Math.c,291 :: 		
0x0104	0x2A00      	INCF        R0, 1, 0
;__Lib_Math.c,292 :: 		
0x0106	0x0C00      	RETLW       0
;__Lib_Math.c,294 :: 		
0x0108	0x1E01      	COMF        R1, 1, 0
;__Lib_Math.c,295 :: 		
0x010A	0x1E00      	COMF        R0, 1, 0
;__Lib_Math.c,296 :: 		
0x010C	0x2A0B      	INCF        R11, 1, 0
;__Lib_Math.c,297 :: 		
0x010E	0xD7DD      	BRA         $-68
;__Lib_Math.c,299 :: 		
0x0110	0x2A08      	INCF        R8, 1, 0
;__Lib_Math.c,300 :: 		
0x0112	0xB4D8      	BTFSC       STATUS, 2, 0
;__Lib_Math.c,301 :: 		
0x0114	0x2A09      	INCF        R9, 1, 0
;__Lib_Math.c,302 :: 		
0x0116	0x5004      	MOVF        R4, 0, 0
;__Lib_Math.c,303 :: 		
0x0118	0x5C08      	SUBWF       R8, 0, 0
;__Lib_Math.c,304 :: 		
0x011A	0xA4D8      	BTFSS       STATUS, 2, 0
;__Lib_Math.c,305 :: 		
0x011C	0xD7D9      	BRA         $-76
;__Lib_Math.c,306 :: 		
0x011E	0x5005      	MOVF        R5, 0, 0
;__Lib_Math.c,307 :: 		
0x0120	0x5C09      	SUBWF       R9, 0, 0
;__Lib_Math.c,308 :: 		
0x0122	0xA4D8      	BTFSS       STATUS, 2, 0
;__Lib_Math.c,309 :: 		
0x0124	0xD7D5      	BRA         $-84
;__Lib_Math.c,310 :: 		
0x0126	0x6A09      	CLRF        R9, 0
;__Lib_Math.c,311 :: 		
0x0128	0x6A08      	CLRF        R8, 0
;__Lib_Math.c,312 :: 		
0x012A	0x2A00      	INCF        R0, 1, 0
;__Lib_Math.c,313 :: 		
0x012C	0xB4D8      	BTFSC       STATUS, 2, 0
;__Lib_Math.c,314 :: 		
0x012E	0x2A01      	INCF        R1, 1, 0
;__Lib_Math.c,315 :: 		
0x0130	0xAE01      	BTFSS       R1, 7, 0
;__Lib_Math.c,316 :: 		
0x0132	0xD7CE      	BRA         $-98
;__Lib_Math.c,317 :: 		
0x0134	0x0000      	NOP
;__Lib_Math.c,318 :: 		
0x0136	0x0CFF      	RETLW       255
;__Lib_Math.c,320 :: 		
L_end_Div_16x16_S:
0x0138	0x0012      	RETURN      0
; end of _Div_16x16_S
_Mul_16X16_U:
;__Lib_Math.c,440 :: 		
;__Lib_Math.c,447 :: 		
0x013A	0x6A0B      	CLRF        R11, 0
;__Lib_Math.c,448 :: 		
0x013C	0x6A0A      	CLRF        R10, 0
;__Lib_Math.c,449 :: 		
0x013E	0x6A09      	CLRF        R9, 0
;__Lib_Math.c,450 :: 		
0x0140	0x5000      	MOVF        R0, 0, 0
;__Lib_Math.c,451 :: 		
0x0142	0x0204      	MULWF       R4, 0
;__Lib_Math.c,453 :: 		
0x0144	0xF009CFF4  	MOVFF       PRODH, R9
;__Lib_Math.c,454 :: 		
0x0148	0xF008CFF3  	MOVFF       PRODL, R8
;__Lib_Math.c,455 :: 		
0x014C	0x5001      	MOVF        R1, 0, 0
;__Lib_Math.c,456 :: 		
0x014E	0x0205      	MULWF       R5, 0
;__Lib_Math.c,458 :: 		
0x0150	0xF00BCFF4  	MOVFF       PRODH, R11
;__Lib_Math.c,459 :: 		
0x0154	0xF00ACFF3  	MOVFF       PRODL, R10
;__Lib_Math.c,460 :: 		
0x0158	0x5000      	MOVF        R0, 0, 0
;__Lib_Math.c,461 :: 		
0x015A	0x0205      	MULWF       R5, 0
;__Lib_Math.c,463 :: 		
0x015C	0x50F3      	MOVF        PRODL, 0, 0
;__Lib_Math.c,464 :: 		
0x015E	0x2609      	ADDWF       R9, 1, 0
;__Lib_Math.c,465 :: 		
0x0160	0x50F4      	MOVF        PRODH, 0, 0
;__Lib_Math.c,466 :: 		
0x0162	0x220A      	ADDWFC      R10, 1, 0
;__Lib_Math.c,467 :: 		
0x0164	0x6AE8      	CLRF        WREG, 0
;__Lib_Math.c,468 :: 		
0x0166	0x220B      	ADDWFC      R11, 1, 0
;__Lib_Math.c,469 :: 		
0x0168	0x5001      	MOVF        R1, 0, 0
;__Lib_Math.c,470 :: 		
0x016A	0x0204      	MULWF       R4, 0
;__Lib_Math.c,472 :: 		
0x016C	0x50F3      	MOVF        PRODL, 0, 0
;__Lib_Math.c,473 :: 		
0x016E	0x2609      	ADDWF       R9, 1, 0
;__Lib_Math.c,474 :: 		
0x0170	0x50F4      	MOVF        PRODH, 0, 0
;__Lib_Math.c,475 :: 		
0x0172	0x220A      	ADDWFC      R10, 1, 0
;__Lib_Math.c,476 :: 		
0x0174	0x6AE8      	CLRF        WREG, 0
;__Lib_Math.c,477 :: 		
0x0176	0x220B      	ADDWFC      R11, 1, 0
;__Lib_Math.c,479 :: 		
0x0178	0xF000C008  	MOVFF       R8, R0
;__Lib_Math.c,480 :: 		
0x017C	0xF001C009  	MOVFF       R9, R1
;__Lib_Math.c,481 :: 		
0x0180	0xF002C00A  	MOVFF       R10, R2
;__Lib_Math.c,482 :: 		
0x0184	0xF003C00B  	MOVFF       R11, R3
;__Lib_Math.c,485 :: 		
L_end_Mul_16X16_U:
0x0188	0x0012      	RETURN      0
; end of _Mul_16X16_U
_mostrar_digitos:
;Practica2b_ares.c,45 :: 		void mostrar_digitos(int digito, int posicion){
;Practica2b_ares.c,47 :: 		for(i = 0; i < 4; i++){
0x018A	0x6A29      	CLRF        _i 
0x018C	0x6A2A      	CLRF        _i+1 
L_mostrar_digitos0:
0x018E	0x0E80      	MOVLW       128
0x0190	0x182A      	XORWF       _i+1, 0 
0x0192	0x6E00      	MOVWF       R0 
0x0194	0x0E80      	MOVLW       128
0x0196	0x5C00      	SUBWF       R0, 0 
0x0198	0xE102      	BNZ         L__mostrar_digitos11
0x019A	0x0E04      	MOVLW       4
0x019C	0x5C29      	SUBWF       _i, 0 
L__mostrar_digitos11:
0x019E	0xE21A      	BC          L_mostrar_digitos1
;Practica2b_ares.c,48 :: 		PORTD = posicion;
0x01A0	0xFF83C02D  	MOVFF       FARG_mostrar_digitos_posicion, PORTD
;Practica2b_ares.c,49 :: 		PORTC = numbers[digitos[i]];
0x01A4	0xF000C029  	MOVFF       _i, R0
0x01A8	0xF001C02A  	MOVFF       _i+1, R1
0x01AC	0x3600      	RLCF        R0, 1 
0x01AE	0x9000      	BCF         R0, 0 
0x01B0	0x3601      	RLCF        R1, 1 
0x01B2	0x0E1F      	MOVLW       Practica2b_ares_digitos
0x01B4	0x2400      	ADDWF       R0, 0 
0x01B6	0x6ED9      	MOVWF       FSR2L 
0x01B8	0x0E00      	MOVLW       hi_addr(Practica2b_ares_digitos)
0x01BA	0x2001      	ADDWFC      R1, 0 
0x01BC	0x6EDA      	MOVWF       FSR2L+1 
0x01BE	0x0E15      	MOVLW       _numbers
0x01C0	0x24DE      	ADDWF       POSTINC2, 0 
0x01C2	0x6EE9      	MOVWF       FSR0L 
0x01C4	0x0E00      	MOVLW       hi_addr(_numbers)
0x01C6	0x20DE      	ADDWFC      POSTINC2, 0 
0x01C8	0x6EEA      	MOVWF       FSR0L+1 
0x01CA	0xFF82CFEE  	MOVFF       POSTINC0, PORTC
;Practica2b_ares.c,47 :: 		for(i = 0; i < 4; i++){
0x01CE	0x4A29      	INFSNZ      _i, 1 
0x01D0	0x2A2A      	INCF        _i+1, 1 
;Practica2b_ares.c,51 :: 		}
0x01D2	0xD7DD      	BRA         L_mostrar_digitos0
L_mostrar_digitos1:
;Practica2b_ares.c,53 :: 		}
L_end_mostrar_digitos:
0x01D4	0x0012      	RETURN      0
; end of _mostrar_digitos
___CC2DW:
;__Lib_System.c,21 :: 		
;__Lib_System.c,23 :: 		
_CC2DL_Loop1:
;__Lib_System.c,24 :: 		
0x01D6	0x0009      	TBLRD*+
;__Lib_System.c,25 :: 		
0x01D8	0xFFE6CFF5  	MOVFF       TABLAT, POSTINC1
;__Lib_System.c,26 :: 		
0x01DC	0x0600      	DECF        R0, 1, 0
;__Lib_System.c,27 :: 		
0x01DE	0xE1FB      	BNZ         _CC2DL_Loop1
;__Lib_System.c,28 :: 		
0x01E0	0x0601      	DECF        R1, 1, 0
;__Lib_System.c,29 :: 		
0x01E2	0xE1F9      	BNZ         _CC2DL_Loop1
;__Lib_System.c,31 :: 		
L_end___CC2DW:
0x01E4	0x0012      	RETURN      0
; end of ___CC2DW
_leer_digitos:
;Practica2b_ares.c,20 :: 		void leer_digitos(int numero){
;Practica2b_ares.c,22 :: 		int contador = 1000;
0x01E6	0x0EE8      	MOVLW       232
0x01E8	0x6E2D      	MOVWF       leer_digitos_contador_L0 
0x01EA	0x0E03      	MOVLW       3
0x01EC	0x6E2E      	MOVWF       leer_digitos_contador_L0+1 
0x01EE	0x6A2F      	CLRF        leer_digitos_calculo_L0 
0x01F0	0x6A30      	CLRF        leer_digitos_calculo_L0+1 
;Practica2b_ares.c,26 :: 		digitos[0] = numero / contador;
0x01F2	0xF004C02D  	MOVFF       leer_digitos_contador_L0, R4
0x01F6	0xF005C02E  	MOVFF       leer_digitos_contador_L0+1, R5
0x01FA	0xF000C02B  	MOVFF       FARG_leer_digitos_numero, R0
0x01FE	0xF001C02C  	MOVFF       FARG_leer_digitos_numero+1, R1
0x0202	0xDF38      	RCALL       _Div_16x16_S
0x0204	0xF01FC000  	MOVFF       R0, Practica2b_ares_digitos
0x0208	0xF020C001  	MOVFF       R1, Practica2b_ares_digitos+1
;Practica2b_ares.c,27 :: 		calculo += digitos[0] * contador;
0x020C	0xF004C02D  	MOVFF       leer_digitos_contador_L0, R4
0x0210	0xF005C02E  	MOVFF       leer_digitos_contador_L0+1, R5
0x0214	0xDF92      	RCALL       _Mul_16X16_U
0x0216	0x5000      	MOVF        R0, 0 
0x0218	0x242F      	ADDWF       leer_digitos_calculo_L0, 0 
0x021A	0x6E35      	MOVWF       FLOC__leer_digitos+4 
0x021C	0x5001      	MOVF        R1, 0 
0x021E	0x2030      	ADDWFC      leer_digitos_calculo_L0+1, 0 
0x0220	0x6E36      	MOVWF       FLOC__leer_digitos+5 
0x0222	0xF02FC035  	MOVFF       FLOC__leer_digitos+4, leer_digitos_calculo_L0
0x0226	0xF030C036  	MOVFF       FLOC__leer_digitos+5, leer_digitos_calculo_L0+1
;Practica2b_ares.c,28 :: 		separar = numero - calculo;
0x022A	0x5035      	MOVF        FLOC__leer_digitos+4, 0 
0x022C	0x5C2B      	SUBWF       FARG_leer_digitos_numero, 0 
0x022E	0x6E31      	MOVWF       FLOC__leer_digitos 
0x0230	0x5036      	MOVF        FLOC__leer_digitos+5, 0 
0x0232	0x582C      	SUBWFB      FARG_leer_digitos_numero+1, 0 
0x0234	0x6E32      	MOVWF       FLOC__leer_digitos+1 
;Practica2b_ares.c,29 :: 		contador /= 10;
0x0236	0x0E0A      	MOVLW       10
0x0238	0x6E04      	MOVWF       R4 
0x023A	0x0E00      	MOVLW       0
0x023C	0x6E05      	MOVWF       R5 
0x023E	0xF000C02D  	MOVFF       leer_digitos_contador_L0, R0
0x0242	0xF001C02E  	MOVFF       leer_digitos_contador_L0+1, R1
0x0246	0xDF16      	RCALL       _Div_16x16_S
0x0248	0xF033C000  	MOVFF       R0, FLOC__leer_digitos+2
0x024C	0xF034C001  	MOVFF       R1, FLOC__leer_digitos+3
0x0250	0xF02DC033  	MOVFF       FLOC__leer_digitos+2, leer_digitos_contador_L0
0x0254	0xF02EC034  	MOVFF       FLOC__leer_digitos+3, leer_digitos_contador_L0+1
;Practica2b_ares.c,31 :: 		digitos[1] = separar / contador;
0x0258	0xF004C033  	MOVFF       FLOC__leer_digitos+2, R4
0x025C	0xF005C034  	MOVFF       FLOC__leer_digitos+3, R5
0x0260	0xF000C031  	MOVFF       FLOC__leer_digitos, R0
0x0264	0xF001C032  	MOVFF       FLOC__leer_digitos+1, R1
0x0268	0xDF05      	RCALL       _Div_16x16_S
0x026A	0xF021C000  	MOVFF       R0, Practica2b_ares_digitos+2
0x026E	0xF022C001  	MOVFF       R1, Practica2b_ares_digitos+3
;Practica2b_ares.c,32 :: 		calculo += digitos[1] * contador;
0x0272	0xF004C033  	MOVFF       FLOC__leer_digitos+2, R4
0x0276	0xF005C034  	MOVFF       FLOC__leer_digitos+3, R5
0x027A	0xDF5F      	RCALL       _Mul_16X16_U
0x027C	0x5000      	MOVF        R0, 0 
0x027E	0x2635      	ADDWF       FLOC__leer_digitos+4, 1 
0x0280	0x5001      	MOVF        R1, 0 
0x0282	0x2236      	ADDWFC      FLOC__leer_digitos+5, 1 
0x0284	0xF02FC035  	MOVFF       FLOC__leer_digitos+4, leer_digitos_calculo_L0
0x0288	0xF030C036  	MOVFF       FLOC__leer_digitos+5, leer_digitos_calculo_L0+1
;Practica2b_ares.c,33 :: 		separar = numero - calculo;
0x028C	0x5035      	MOVF        FLOC__leer_digitos+4, 0 
0x028E	0x5C2B      	SUBWF       FARG_leer_digitos_numero, 0 
0x0290	0x6E31      	MOVWF       FLOC__leer_digitos 
0x0292	0x5036      	MOVF        FLOC__leer_digitos+5, 0 
0x0294	0x582C      	SUBWFB      FARG_leer_digitos_numero+1, 0 
0x0296	0x6E32      	MOVWF       FLOC__leer_digitos+1 
;Practica2b_ares.c,34 :: 		contador /= 10;
0x0298	0x0E0A      	MOVLW       10
0x029A	0x6E04      	MOVWF       R4 
0x029C	0x0E00      	MOVLW       0
0x029E	0x6E05      	MOVWF       R5 
0x02A0	0xF000C033  	MOVFF       FLOC__leer_digitos+2, R0
0x02A4	0xF001C034  	MOVFF       FLOC__leer_digitos+3, R1
0x02A8	0xDEE5      	RCALL       _Div_16x16_S
0x02AA	0xF033C000  	MOVFF       R0, FLOC__leer_digitos+2
0x02AE	0xF034C001  	MOVFF       R1, FLOC__leer_digitos+3
0x02B2	0xF02DC033  	MOVFF       FLOC__leer_digitos+2, leer_digitos_contador_L0
0x02B6	0xF02EC034  	MOVFF       FLOC__leer_digitos+3, leer_digitos_contador_L0+1
;Practica2b_ares.c,36 :: 		digitos[2] = separar / contador;
0x02BA	0xF004C033  	MOVFF       FLOC__leer_digitos+2, R4
0x02BE	0xF005C034  	MOVFF       FLOC__leer_digitos+3, R5
0x02C2	0xF000C031  	MOVFF       FLOC__leer_digitos, R0
0x02C6	0xF001C032  	MOVFF       FLOC__leer_digitos+1, R1
0x02CA	0xDED4      	RCALL       _Div_16x16_S
0x02CC	0xF023C000  	MOVFF       R0, Practica2b_ares_digitos+4
0x02D0	0xF024C001  	MOVFF       R1, Practica2b_ares_digitos+5
;Practica2b_ares.c,37 :: 		calculo += digitos[2] * contador;
0x02D4	0xF004C033  	MOVFF       FLOC__leer_digitos+2, R4
0x02D8	0xF005C034  	MOVFF       FLOC__leer_digitos+3, R5
0x02DC	0xDF2E      	RCALL       _Mul_16X16_U
0x02DE	0x5035      	MOVF        FLOC__leer_digitos+4, 0 
0x02E0	0x2600      	ADDWF       R0, 1 
0x02E2	0x5036      	MOVF        FLOC__leer_digitos+5, 0 
0x02E4	0x2201      	ADDWFC      R1, 1 
0x02E6	0xF02FC000  	MOVFF       R0, leer_digitos_calculo_L0
0x02EA	0xF030C001  	MOVFF       R1, leer_digitos_calculo_L0+1
;Practica2b_ares.c,38 :: 		separar = numero - calculo;
0x02EE	0x5000      	MOVF        R0, 0 
0x02F0	0x5C2B      	SUBWF       FARG_leer_digitos_numero, 0 
0x02F2	0x6E31      	MOVWF       FLOC__leer_digitos 
0x02F4	0x5001      	MOVF        R1, 0 
0x02F6	0x582C      	SUBWFB      FARG_leer_digitos_numero+1, 0 
0x02F8	0x6E32      	MOVWF       FLOC__leer_digitos+1 
;Practica2b_ares.c,39 :: 		contador /= 10;
0x02FA	0x0E0A      	MOVLW       10
0x02FC	0x6E04      	MOVWF       R4 
0x02FE	0x0E00      	MOVLW       0
0x0300	0x6E05      	MOVWF       R5 
0x0302	0xF000C033  	MOVFF       FLOC__leer_digitos+2, R0
0x0306	0xF001C034  	MOVFF       FLOC__leer_digitos+3, R1
0x030A	0xDEB4      	RCALL       _Div_16x16_S
0x030C	0xF02DC000  	MOVFF       R0, leer_digitos_contador_L0
0x0310	0xF02EC001  	MOVFF       R1, leer_digitos_contador_L0+1
;Practica2b_ares.c,41 :: 		digitos[3] = separar / contador;
0x0314	0xF004C000  	MOVFF       R0, R4
0x0318	0xF005C001  	MOVFF       R1, R5
0x031C	0xF000C031  	MOVFF       FLOC__leer_digitos, R0
0x0320	0xF001C032  	MOVFF       FLOC__leer_digitos+1, R1
0x0324	0xDEA7      	RCALL       _Div_16x16_S
0x0326	0xF025C000  	MOVFF       R0, Practica2b_ares_digitos+6
0x032A	0xF026C001  	MOVFF       R1, Practica2b_ares_digitos+7
;Practica2b_ares.c,43 :: 		}
L_end_leer_digitos:
0x032E	0x0012      	RETURN      0
; end of _leer_digitos
_main:
0x0330	0x0E3F      	MOVLW       63
0x0332	0x6E15      	MOVWF       _numbers 
0x0334	0x0E06      	MOVLW       6
0x0336	0x6E16      	MOVWF       22 
0x0338	0x0E5B      	MOVLW       91
0x033A	0x6E17      	MOVWF       23 
0x033C	0x0E4F      	MOVLW       79
0x033E	0x6E18      	MOVWF       24 
0x0340	0x0E66      	MOVLW       102
0x0342	0x6E19      	MOVWF       25 
0x0344	0x0E6D      	MOVLW       109
0x0346	0x6E1A      	MOVWF       26 
0x0348	0x0E7D      	MOVLW       125
0x034A	0x6E1B      	MOVWF       27 
0x034C	0x0E07      	MOVLW       7
0x034E	0x6E1C      	MOVWF       28 
0x0350	0x0E7F      	MOVLW       127
0x0352	0x6E1D      	MOVWF       29 
0x0354	0x0E6F      	MOVLW       111
0x0356	0x6E1E      	MOVWF       30 
;Practica2b_ares.c,55 :: 		void main() {
;Practica2b_ares.c,57 :: 		ADCON1 = 0x07;
0x0358	0x0E07      	MOVLW       7
0x035A	0x6EC1      	MOVWF       ADCON1 
;Practica2b_ares.c,59 :: 		TRISB = 1;
0x035C	0x0E01      	MOVLW       1
0x035E	0x6E93      	MOVWF       TRISB 
;Practica2b_ares.c,61 :: 		TRISD = 0;
0x0360	0x6A95      	CLRF        TRISD 
;Practica2b_ares.c,62 :: 		PORTD = 0;
0x0362	0x6A83      	CLRF        PORTD 
;Practica2b_ares.c,64 :: 		TRISC = 0;
0x0364	0x6A94      	CLRF        TRISC 
;Practica2b_ares.c,65 :: 		PORTC = 0;
0x0366	0x6A82      	CLRF        PORTC 
;Practica2b_ares.c,67 :: 		while(1){
L_main3:
;Practica2b_ares.c,69 :: 		valor_portB = PORTB;
0x0368	0xF027CF81  	MOVFF       PORTB, _valor_portB
0x036C	0x0E00      	MOVLW       0
0x036E	0x6E28      	MOVWF       _valor_portB+1 
;Practica2b_ares.c,71 :: 		leer_digitos(valor_portB);
0x0370	0xF02BC027  	MOVFF       _valor_portB, FARG_leer_digitos_numero
0x0374	0xF02CC028  	MOVFF       _valor_portB+1, FARG_leer_digitos_numero+1
0x0378	0xDF36      	RCALL       _leer_digitos
;Practica2b_ares.c,75 :: 		for(i = 0; i < 25; i++){
0x037A	0x6A29      	CLRF        _i 
0x037C	0x6A2A      	CLRF        _i+1 
L_main5:
0x037E	0x0E80      	MOVLW       128
0x0380	0x182A      	XORWF       _i+1, 0 
0x0382	0x6E00      	MOVWF       R0 
0x0384	0x0E80      	MOVLW       128
0x0386	0x5C00      	SUBWF       R0, 0 
0x0388	0xE102      	BNZ         L__main13
0x038A	0x0E19      	MOVLW       25
0x038C	0x5C29      	SUBWF       _i, 0 
L__main13:
0x038E	0xE221      	BC          L_main6
;Practica2b_ares.c,76 :: 		mostrar_digitos(digitos[i], i);
0x0390	0xF000C029  	MOVFF       _i, R0
0x0394	0xF001C02A  	MOVFF       _i+1, R1
0x0398	0x3600      	RLCF        R0, 1 
0x039A	0x9000      	BCF         R0, 0 
0x039C	0x3601      	RLCF        R1, 1 
0x039E	0x0E1F      	MOVLW       Practica2b_ares_digitos
0x03A0	0x2400      	ADDWF       R0, 0 
0x03A2	0x6EE9      	MOVWF       FSR0L 
0x03A4	0x0E00      	MOVLW       hi_addr(Practica2b_ares_digitos)
0x03A6	0x2001      	ADDWFC      R1, 0 
0x03A8	0x6EEA      	MOVWF       FSR0L+1 
0x03AA	0xF02BCFEE  	MOVFF       POSTINC0, FARG_mostrar_digitos_digito
0x03AE	0xF02CCFEE  	MOVFF       POSTINC0, FARG_mostrar_digitos_digito+1
0x03B2	0xF02DC029  	MOVFF       _i, FARG_mostrar_digitos_posicion
0x03B6	0xF02EC02A  	MOVFF       _i+1, FARG_mostrar_digitos_posicion+1
0x03BA	0xDEE7      	RCALL       _mostrar_digitos
;Practica2b_ares.c,79 :: 		delay_ms(15);
0x03BC	0x0E27      	MOVLW       39
0x03BE	0x6E0C      	MOVWF       R12, 0
0x03C0	0x0EF5      	MOVLW       245
0x03C2	0x6E0D      	MOVWF       R13, 0
L_main8:
0x03C4	0x2E0D      	DECFSZ      R13, 1, 0
0x03C6	0xD7FE      	BRA         L_main8
0x03C8	0x2E0C      	DECFSZ      R12, 1, 0
0x03CA	0xD7FC      	BRA         L_main8
;Practica2b_ares.c,75 :: 		for(i = 0; i < 25; i++){
0x03CC	0x4A29      	INFSNZ      _i, 1 
0x03CE	0x2A2A      	INCF        _i+1, 1 
;Practica2b_ares.c,82 :: 		}
0x03D0	0xD7D6      	BRA         L_main5
L_main6:
;Practica2b_ares.c,84 :: 		}
0x03D2	0xD7CA      	BRA         L_main3
;Practica2b_ares.c,85 :: 		}
L_end_main:
0x03D4	0xD7FF      	BRA         $+0
; end of _main
Symbol List:
//** Routines locations **
//ADDRESS    SIZE    PROCEDURE
//----------------------------------------------
0x001C      [88]    _Div_16x16_S_L
0x0074     [198]    _Div_16x16_S
0x013A      [80]    _Mul_16X16_U
0x018A      [76]    _mostrar_digitos
0x01D6      [16]    ___CC2DW
0x01E6     [330]    _leer_digitos
0x0330     [166]    _main
//** Variables locations ** 
//ADDRESS    SIZE    VARIABLE
//----------------------------------------------
0x0000       [1]    R0
0x0001       [1]    R1
0x0002       [1]    R2
0x0003       [1]    R3
0x0004       [1]    R4
0x0005       [1]    R5
0x0006       [1]    R6
0x0007       [1]    R7
0x0008       [1]    R8
0x0009       [1]    R9
0x000A       [1]    R10
0x000B       [1]    R11
0x000C       [1]    R12
0x000D       [1]    R13
0x000E       [1]    R14
0x000F       [1]    R15
0x0010       [1]    R16
0x0011       [1]    R17
0x0012       [1]    R18
0x0013       [1]    R19
0x0014       [1]    R20
0x0015      [10]    _numbers
0x001F       [8]    Practica2b_ares_digitos
0x0027       [2]    _valor_portB
0x0029       [2]    _i
0x002B       [2]    FARG_mostrar_digitos_digito
0x002B       [2]    FARG_leer_digitos_numero
0x002D       [2]    leer_digitos_contador_L0
0x002D       [2]    FARG_mostrar_digitos_posicion
0x002F       [2]    leer_digitos_calculo_L0
0x0031       [6]    FLOC__leer_digitos
0x0F81       [1]    PORTB
0x0F82       [1]    PORTC
0x0F83       [1]    PORTD
0x0F93       [1]    TRISB
0x0F94       [1]    TRISC
0x0F95       [1]    TRISD
0x0FC1       [1]    ADCON1
0x0FD8       [1]    STATUS
0x0FD9       [1]    FSR2L
0x0FDA       [1]    FSR2H
0x0FDE       [1]    POSTINC2
0x0FE0       [1]    BSR
0x0FE1       [1]    FSR1L
0x0FE2       [1]    FSR1H
0x0FE4       [1]    PREINC1
0x0FE6       [1]    POSTINC1
0x0FE7       [1]    INDF1
0x0FE8       [1]    WREG
0x0FE9       [1]    FSR0L
0x0FEA       [1]    FSR0H
0x0FEE       [1]    POSTINC0
0x0FF3       [1]    PRODL
0x0FF4       [1]    PRODH
0x0FF5       [1]    TABLAT
0x0FF6       [1]    TBLPTRL
0x0FF7       [1]    TBLPTRH
0x0FF8       [1]    TBLPTRU
